{"C:\\dev\\ai-dev\\proj-react\\src\\components\\Editor\\ChartEditor.tsx": {"path":"C:\\dev\\ai-dev\\proj-react\\src\\components\\Editor\\ChartEditor.tsx","statementMap":{"0":{"start":{"line":5,"column":2},"end":{"line":9,"column":null}}},"fnMap":{"0":{"name":"ChartEditor","decl":{"start":{"line":4,"column":16},"end":{"line":4,"column":30}},"loc":{"start":{"line":4,"column":30},"end":{"line":9,"column":null}},"line":4}},"branchMap":{},"s":{"0":4},"f":{"0":4},"b":{},"meta":{"lastBranch":0,"lastFunction":1,"lastStatement":1,"seen":{"f:4:16:4:30":0,"s:5:2:9:Infinity":0}}}
,"C:\\dev\\ai-dev\\proj-react\\src\\services\\chart.service.ts": {"path":"C:\\dev\\ai-dev\\proj-react\\src\\services\\chart.service.ts","statementMap":{"0":{"start":{"line":5,"column":14},"end":{"line":5,"column":24}},"1":{"start":{"line":6,"column":2},"end":{"line":11,"column":null}},"2":{"start":{"line":15,"column":8},"end":{"line":15,"column":35}},"3":{"start":{"line":16,"column":2},"end":{"line":26,"column":null}},"4":{"start":{"line":30,"column":2},"end":{"line":34,"column":null}},"5":{"start":{"line":38,"column":2},"end":{"line":42,"column":null}},"6":{"start":{"line":46,"column":16},"end":{"line":46,"column":32}},"7":{"start":{"line":47,"column":2},"end":{"line":47,"column":null}},"8":{"start":{"line":48,"column":2},"end":{"line":52,"column":null}},"9":{"start":{"line":56,"column":2},"end":{"line":60,"column":null}},"10":{"start":{"line":58,"column":40},"end":{"line":58,"column":52}},"11":{"start":{"line":64,"column":2},"end":{"line":68,"column":null}},"12":{"start":{"line":72,"column":2},"end":{"line":76,"column":null}},"13":{"start":{"line":80,"column":2},"end":{"line":84,"column":null}},"14":{"start":{"line":88,"column":16},"end":{"line":88,"column":64}},"15":{"start":{"line":88,"column":44},"end":{"line":88,"column":62}},"16":{"start":{"line":89,"column":2},"end":{"line":89,"column":null}},"17":{"start":{"line":89,"column":19},"end":{"line":89,"column":null}},"18":{"start":{"line":89,"column":42},"end":{"line":89,"column":44}},"19":{"start":{"line":90,"column":2},"end":{"line":90,"column":null}},"20":{"start":{"line":90,"column":27},"end":{"line":90,"column":65}}},"fnMap":{"0":{"name":"createChart","decl":{"start":{"line":4,"column":16},"end":{"line":4,"column":28}},"loc":{"start":{"line":4,"column":54},"end":{"line":11,"column":null}},"line":4},"1":{"name":"getEmptyChart","decl":{"start":{"line":14,"column":16},"end":{"line":14,"column":39}},"loc":{"start":{"line":14,"column":39},"end":{"line":26,"column":null}},"line":14},"2":{"name":"getDefaultStyle","decl":{"start":{"line":29,"column":16},"end":{"line":29,"column":46}},"loc":{"start":{"line":29,"column":46},"end":{"line":34,"column":null}},"line":29},"3":{"name":"addTerm","decl":{"start":{"line":37,"column":16},"end":{"line":37,"column":24}},"loc":{"start":{"line":37,"column":62},"end":{"line":42,"column":null}},"line":37},"4":{"name":"updateTerm","decl":{"start":{"line":45,"column":16},"end":{"line":45,"column":27}},"loc":{"start":{"line":45,"column":89},"end":{"line":52,"column":null}},"line":45},"5":{"name":"removeTerm","decl":{"start":{"line":55,"column":16},"end":{"line":55,"column":27}},"loc":{"start":{"line":55,"column":63},"end":{"line":60,"column":null}},"line":55},"6":{"name":"(anonymous_6)","decl":{"start":{"line":58,"column":23},"end":{"line":58,"column":31}},"loc":{"start":{"line":58,"column":40},"end":{"line":58,"column":52}},"line":58},"7":{"name":"updateChartType","decl":{"start":{"line":63,"column":16},"end":{"line":63,"column":32}},"loc":{"start":{"line":63,"column":70},"end":{"line":68,"column":null}},"line":63},"8":{"name":"updateChartTitle","decl":{"start":{"line":71,"column":16},"end":{"line":71,"column":33}},"loc":{"start":{"line":71,"column":69},"end":{"line":76,"column":null}},"line":71},"9":{"name":"updateChartStyle","decl":{"start":{"line":79,"column":16},"end":{"line":79,"column":33}},"loc":{"start":{"line":79,"column":82},"end":{"line":84,"column":null}},"line":79},"10":{"name":"calculatePercents","decl":{"start":{"line":87,"column":16},"end":{"line":87,"column":34}},"loc":{"start":{"line":87,"column":64},"end":{"line":90,"column":null}},"line":87},"11":{"name":"(anonymous_11)","decl":{"start":{"line":88,"column":22},"end":{"line":88,"column":30}},"loc":{"start":{"line":88,"column":44},"end":{"line":88,"column":62}},"line":88},"12":{"name":"(anonymous_12)","decl":{"start":{"line":89,"column":32},"end":{"line":89,"column":42}},"loc":{"start":{"line":89,"column":42},"end":{"line":89,"column":44}},"line":89},"13":{"name":"(anonymous_13)","decl":{"start":{"line":90,"column":15},"end":{"line":90,"column":19}},"loc":{"start":{"line":90,"column":27},"end":{"line":90,"column":65}},"line":90}},"branchMap":{"0":{"loc":{"start":{"line":89,"column":2},"end":{"line":89,"column":null}},"type":"if","locations":[{"start":{"line":89,"column":2},"end":{"line":89,"column":null}},{"start":{},"end":{}}],"line":89}},"s":{"0":21,"1":21,"2":20,"3":20,"4":22,"5":3,"6":3,"7":3,"8":3,"9":3,"10":6,"11":2,"12":2,"13":2,"14":4,"15":7,"16":4,"17":2,"18":2,"19":2,"20":5},"f":{"0":21,"1":20,"2":22,"3":3,"4":3,"5":3,"6":6,"7":2,"8":2,"9":2,"10":4,"11":7,"12":2,"13":5},"b":{"0":[2,2]},"meta":{"lastBranch":1,"lastFunction":14,"lastStatement":21,"seen":{"f:4:16:4:28":0,"s:5:14:5:24":0,"s:6:2:11:Infinity":1,"f:14:16:14:39":1,"s:15:8:15:35":2,"s:16:2:26:Infinity":3,"f:29:16:29:46":2,"s:30:2:34:Infinity":4,"f:37:16:37:24":3,"s:38:2:42:Infinity":5,"f:45:16:45:27":4,"s:46:16:46:32":6,"s:47:2:47:Infinity":7,"s:48:2:52:Infinity":8,"f:55:16:55:27":5,"s:56:2:60:Infinity":9,"f:58:23:58:31":6,"s:58:40:58:52":10,"f:63:16:63:32":7,"s:64:2:68:Infinity":11,"f:71:16:71:33":8,"s:72:2:76:Infinity":12,"f:79:16:79:33":9,"s:80:2:84:Infinity":13,"f:87:16:87:34":10,"s:88:16:88:64":14,"f:88:22:88:30":11,"s:88:44:88:62":15,"b:89:2:89:Infinity:undefined:undefined:undefined:undefined":0,"s:89:2:89:Infinity":16,"s:89:19:89:Infinity":17,"f:89:32:89:42":12,"s:89:42:89:44":18,"s:90:2:90:Infinity":19,"f:90:15:90:19":13,"s:90:27:90:65":20}}}
,"C:\\dev\\ai-dev\\proj-react\\src\\services\\gallery.service.ts": {"path":"C:\\dev\\ai-dev\\proj-react\\src\\services\\gallery.service.ts","statementMap":{"0":{"start":{"line":3,"column":20},"end":{"line":3,"column":null}},"1":{"start":{"line":6,"column":17},"end":{"line":6,"column":29}},"2":{"start":{"line":7,"column":24},"end":{"line":7,"column":64}},"3":{"start":{"line":7,"column":46},"end":{"line":7,"column":64}},"4":{"start":{"line":9,"column":2},"end":{"line":12,"column":null}},"5":{"start":{"line":10,"column":4},"end":{"line":10,"column":null}},"6":{"start":{"line":12,"column":4},"end":{"line":12,"column":null}},"7":{"start":{"line":15,"column":2},"end":{"line":15,"column":null}},"8":{"start":{"line":19,"column":2},"end":{"line":23,"column":null}},"9":{"start":{"line":20,"column":19},"end":{"line":20,"column":52}},"10":{"start":{"line":21,"column":4},"end":{"line":21,"column":null}},"11":{"start":{"line":23,"column":4},"end":{"line":23,"column":null}},"12":{"start":{"line":28,"column":17},"end":{"line":28,"column":29}},"13":{"start":{"line":29,"column":2},"end":{"line":29,"column":null}},"14":{"start":{"line":29,"column":26},"end":{"line":29,"column":38}},"15":{"start":{"line":33,"column":17},"end":{"line":33,"column":54}},"16":{"start":{"line":33,"column":42},"end":{"line":33,"column":54}},"17":{"start":{"line":34,"column":2},"end":{"line":34,"column":null}},"18":{"start":{"line":38,"column":2},"end":{"line":38,"column":null}},"19":{"start":{"line":42,"column":2},"end":{"line":42,"column":null}}},"fnMap":{"0":{"name":"saveChart","decl":{"start":{"line":5,"column":16},"end":{"line":5,"column":26}},"loc":{"start":{"line":5,"column":46},"end":{"line":15,"column":null}},"line":5},"1":{"name":"(anonymous_1)","decl":{"start":{"line":7,"column":31},"end":{"line":7,"column":41}},"loc":{"start":{"line":7,"column":46},"end":{"line":7,"column":64}},"line":7},"2":{"name":"loadCharts","decl":{"start":{"line":18,"column":16},"end":{"line":18,"column":38}},"loc":{"start":{"line":18,"column":38},"end":{"line":23,"column":null}},"line":18},"3":{"name":"loadChart","decl":{"start":{"line":27,"column":16},"end":{"line":27,"column":26}},"loc":{"start":{"line":27,"column":52},"end":{"line":29,"column":null}},"line":27},"4":{"name":"(anonymous_4)","decl":{"start":{"line":29,"column":16},"end":{"line":29,"column":21}},"loc":{"start":{"line":29,"column":26},"end":{"line":29,"column":38}},"line":29},"5":{"name":"deleteChart","decl":{"start":{"line":32,"column":16},"end":{"line":32,"column":28}},"loc":{"start":{"line":32,"column":46},"end":{"line":34,"column":null}},"line":32},"6":{"name":"(anonymous_6)","decl":{"start":{"line":33,"column":30},"end":{"line":33,"column":37}},"loc":{"start":{"line":33,"column":42},"end":{"line":33,"column":54}},"line":33},"7":{"name":"clearGallery","decl":{"start":{"line":37,"column":16},"end":{"line":37,"column":37}},"loc":{"start":{"line":37,"column":37},"end":{"line":38,"column":null}},"line":37},"8":{"name":"getChartCount","decl":{"start":{"line":41,"column":16},"end":{"line":41,"column":40}},"loc":{"start":{"line":41,"column":40},"end":{"line":42,"column":null}},"line":41}},"branchMap":{"0":{"loc":{"start":{"line":9,"column":2},"end":{"line":12,"column":null}},"type":"if","locations":[{"start":{"line":9,"column":2},"end":{"line":12,"column":null}},{"start":{"line":11,"column":9},"end":{"line":12,"column":null}}],"line":9},"1":{"loc":{"start":{"line":21,"column":11},"end":{"line":21,"column":43}},"type":"cond-expr","locations":[{"start":{"line":21,"column":20},"end":{"line":21,"column":38}},{"start":{"line":21,"column":41},"end":{"line":21,"column":43}}],"line":21},"2":{"loc":{"start":{"line":29,"column":9},"end":{"line":29,"column":null}},"type":"binary-expr","locations":[{"start":{"line":29,"column":9},"end":{"line":29,"column":38}},{"start":{"line":29,"column":42},"end":{"line":29,"column":null}}],"line":29}},"s":{"0":1,"1":16,"2":16,"3":7,"4":16,"5":1,"6":15,"7":16,"8":31,"9":31,"10":31,"11":1,"12":2,"13":2,"14":2,"15":2,"16":3,"17":2,"18":1,"19":2},"f":{"0":16,"1":7,"2":31,"3":2,"4":2,"5":2,"6":3,"7":1,"8":2},"b":{"0":[1,15],"1":[18,13],"2":[2,1]},"meta":{"lastBranch":3,"lastFunction":9,"lastStatement":20,"seen":{"s:3:20:3:Infinity":0,"f:5:16:5:26":0,"s:6:17:6:29":1,"s:7:24:7:64":2,"f:7:31:7:41":1,"s:7:46:7:64":3,"b:9:2:12:Infinity:11:9:12:Infinity":0,"s:9:2:12:Infinity":4,"s:10:4:10:Infinity":5,"s:12:4:12:Infinity":6,"s:15:2:15:Infinity":7,"f:18:16:18:38":2,"s:19:2:23:Infinity":8,"s:20:19:20:52":9,"s:21:4:21:Infinity":10,"b:21:20:21:38:21:41:21:43":1,"s:23:4:23:Infinity":11,"f:27:16:27:26":3,"s:28:17:28:29":12,"s:29:2:29:Infinity":13,"b:29:9:29:38:29:42:29:Infinity":2,"f:29:16:29:21":4,"s:29:26:29:38":14,"f:32:16:32:28":5,"s:33:17:33:54":15,"f:33:30:33:37":6,"s:33:42:33:54":16,"s:34:2:34:Infinity":17,"f:37:16:37:37":7,"s:38:2:38:Infinity":18,"f:41:16:41:40":8,"s:42:2:42:Infinity":19}}}
,"C:\\dev\\ai-dev\\proj-react\\src\\services\\theme.service.ts": {"path":"C:\\dev\\ai-dev\\proj-react\\src\\services\\theme.service.ts","statementMap":{"0":{"start":{"line":1,"column":18},"end":{"line":1,"column":null}},"1":{"start":{"line":6,"column":17},"end":{"line":6,"column":48}},"2":{"start":{"line":7,"column":2},"end":{"line":8,"column":null}},"3":{"start":{"line":8,"column":4},"end":{"line":8,"column":null}},"4":{"start":{"line":12,"column":2},"end":{"line":13,"column":null}},"5":{"start":{"line":13,"column":4},"end":{"line":13,"column":null}},"6":{"start":{"line":16,"column":2},"end":{"line":16,"column":null}},"7":{"start":{"line":20,"column":2},"end":{"line":20,"column":null}},"8":{"start":{"line":24,"column":2},"end":{"line":24,"column":null}}},"fnMap":{"0":{"name":"loadTheme","decl":{"start":{"line":5,"column":16},"end":{"line":5,"column":35}},"loc":{"start":{"line":5,"column":35},"end":{"line":16,"column":null}},"line":5},"1":{"name":"saveTheme","decl":{"start":{"line":19,"column":16},"end":{"line":19,"column":26}},"loc":{"start":{"line":19,"column":46},"end":{"line":20,"column":null}},"line":19},"2":{"name":"applyTheme","decl":{"start":{"line":23,"column":16},"end":{"line":23,"column":27}},"loc":{"start":{"line":23,"column":47},"end":{"line":24,"column":null}},"line":23}},"branchMap":{"0":{"loc":{"start":{"line":7,"column":2},"end":{"line":8,"column":null}},"type":"if","locations":[{"start":{"line":7,"column":2},"end":{"line":8,"column":null}},{"start":{},"end":{}}],"line":7},"1":{"loc":{"start":{"line":7,"column":6},"end":{"line":7,"column":47}},"type":"binary-expr","locations":[{"start":{"line":7,"column":6},"end":{"line":7,"column":28}},{"start":{"line":7,"column":28},"end":{"line":7,"column":47}}],"line":7},"2":{"loc":{"start":{"line":12,"column":2},"end":{"line":13,"column":null}},"type":"if","locations":[{"start":{"line":12,"column":2},"end":{"line":13,"column":null}},{"start":{},"end":{}}],"line":12}},"s":{"0":1,"1":5,"2":5,"3":2,"4":3,"5":1,"6":2,"7":2,"8":2},"f":{"0":5,"1":2,"2":2},"b":{"0":[2,3],"1":[5,4],"2":[1,2]},"meta":{"lastBranch":3,"lastFunction":3,"lastStatement":9,"seen":{"s:1:18:1:Infinity":0,"f:5:16:5:35":0,"s:6:17:6:48":1,"b:7:2:8:Infinity:undefined:undefined:undefined:undefined":0,"s:7:2:8:Infinity":2,"b:7:6:7:28:7:28:7:47":1,"s:8:4:8:Infinity":3,"b:12:2:13:Infinity:undefined:undefined:undefined:undefined":2,"s:12:2:13:Infinity":4,"s:13:4:13:Infinity":5,"s:16:2:16:Infinity":6,"f:19:16:19:26":1,"s:20:2:20:Infinity":7,"f:23:16:23:27":2,"s:24:2:24:Infinity":8}}}
,"C:\\dev\\ai-dev\\proj-react\\src\\services\\util.service.ts": {"path":"C:\\dev\\ai-dev\\proj-react\\src\\services\\util.service.ts","statementMap":{"0":{"start":{"line":1,"column":15},"end":{"line":7,"column":null}},"1":{"start":{"line":9,"column":14},"end":{"line":16,"column":null}},"2":{"start":{"line":19,"column":16},"end":{"line":19,"column":null}},"3":{"start":{"line":20,"column":11},"end":{"line":20,"column":null}},"4":{"start":{"line":21,"column":2},"end":{"line":22,"column":null}},"5":{"start":{"line":21,"column":15},"end":{"line":21,"column":18}},"6":{"start":{"line":22,"column":4},"end":{"line":22,"column":null}},"7":{"start":{"line":24,"column":2},"end":{"line":24,"column":null}},"8":{"start":{"line":28,"column":2},"end":{"line":28,"column":null}},"9":{"start":{"line":32,"column":2},"end":{"line":32,"column":null}},"10":{"start":{"line":36,"column":19},"end":{"line":36,"column":62}},"11":{"start":{"line":36,"column":42},"end":{"line":36,"column":62}},"12":{"start":{"line":37,"column":2},"end":{"line":37,"column":null}},"13":{"start":{"line":41,"column":2},"end":{"line":41,"column":null}},"14":{"start":{"line":45,"column":2},"end":{"line":45,"column":null}}},"fnMap":{"0":{"name":"makeId","decl":{"start":{"line":18,"column":16},"end":{"line":18,"column":23}},"loc":{"start":{"line":18,"column":51},"end":{"line":24,"column":null}},"line":18},"1":{"name":"getRandomInt","decl":{"start":{"line":27,"column":16},"end":{"line":27,"column":29}},"loc":{"start":{"line":27,"column":63},"end":{"line":28,"column":null}},"line":27},"2":{"name":"getRandomColor","decl":{"start":{"line":31,"column":16},"end":{"line":31,"column":41}},"loc":{"start":{"line":31,"column":41},"end":{"line":32,"column":null}},"line":31},"3":{"name":"getUniqueColors","decl":{"start":{"line":35,"column":16},"end":{"line":35,"column":32}},"loc":{"start":{"line":35,"column":57},"end":{"line":37,"column":null}},"line":35},"4":{"name":"(anonymous_4)","decl":{"start":{"line":36,"column":31},"end":{"line":36,"column":42}},"loc":{"start":{"line":36,"column":42},"end":{"line":36,"column":62}},"line":36},"5":{"name":"getAvailableFonts","decl":{"start":{"line":40,"column":16},"end":{"line":40,"column":46}},"loc":{"start":{"line":40,"column":46},"end":{"line":41,"column":null}},"line":40},"6":{"name":"getDefaultColors","decl":{"start":{"line":44,"column":16},"end":{"line":44,"column":45}},"loc":{"start":{"line":44,"column":45},"end":{"line":45,"column":null}},"line":44}},"branchMap":{"0":{"loc":{"start":{"line":18,"column":23},"end":{"line":18,"column":51}},"type":"default-arg","locations":[{"start":{"line":18,"column":40},"end":{"line":18,"column":51}}],"line":18}},"s":{"0":1,"1":1,"2":103,"3":103,"4":103,"5":103,"6":920,"7":103,"8":101,"9":0,"10":3,"11":247,"12":3,"13":0,"14":0},"f":{"0":103,"1":101,"2":0,"3":3,"4":247,"5":0,"6":0},"b":{"0":[103]},"meta":{"lastBranch":1,"lastFunction":7,"lastStatement":15,"seen":{"s:1:15:7:Infinity":0,"s:9:14:16:Infinity":1,"f:18:16:18:23":0,"b:18:40:18:51":0,"s:19:16:19:Infinity":2,"s:20:11:20:Infinity":3,"s:21:2:22:Infinity":4,"s:21:15:21:18":5,"s:22:4:22:Infinity":6,"s:24:2:24:Infinity":7,"f:27:16:27:29":1,"s:28:2:28:Infinity":8,"f:31:16:31:41":2,"s:32:2:32:Infinity":9,"f:35:16:35:32":3,"s:36:19:36:62":10,"f:36:31:36:42":4,"s:36:42:36:62":11,"s:37:2:37:Infinity":12,"f:40:16:40:46":5,"s:41:2:41:Infinity":13,"f:44:16:44:45":6,"s:45:2:45:Infinity":14}}}
,"C:\\dev\\ai-dev\\proj-react\\src\\store\\appStore.ts": {"path":"C:\\dev\\ai-dev\\proj-react\\src\\store\\appStore.ts","statementMap":{"0":{"start":{"line":12,"column":6},"end":{"line":12,"column":32}},"1":{"start":{"line":13,"column":0},"end":{"line":13,"column":null}},"2":{"start":{"line":15,"column":13},"end":{"line":26,"column":3}},"3":{"start":{"line":15,"column":54},"end":{"line":26,"column":3}},"4":{"start":{"line":18,"column":21},"end":{"line":18,"column":65}},"5":{"start":{"line":18,"column":37},"end":{"line":18,"column":63}},"6":{"start":{"line":19,"column":21},"end":{"line":19,"column":65}},"7":{"start":{"line":19,"column":37},"end":{"line":19,"column":63}},"8":{"start":{"line":20,"column":23},"end":{"line":24,"column":null}},"9":{"start":{"line":21,"column":25},"end":{"line":21,"column":null}},"10":{"start":{"line":22,"column":8},"end":{"line":22,"column":null}},"11":{"start":{"line":23,"column":8},"end":{"line":23,"column":null}},"12":{"start":{"line":24,"column":8},"end":{"line":24,"column":null}}},"fnMap":{"0":{"name":"(anonymous_0)","decl":{"start":{"line":15,"column":27},"end":{"line":15,"column":45}},"loc":{"start":{"line":15,"column":54},"end":{"line":26,"column":3}},"line":15},"1":{"name":"(anonymous_1)","decl":{"start":{"line":18,"column":4},"end":{"line":18,"column":21}},"loc":{"start":{"line":18,"column":21},"end":{"line":18,"column":65}},"line":18},"2":{"name":"(anonymous_2)","decl":{"start":{"line":18,"column":21},"end":{"line":18,"column":26}},"loc":{"start":{"line":18,"column":37},"end":{"line":18,"column":63}},"line":18},"3":{"name":"(anonymous_3)","decl":{"start":{"line":19,"column":4},"end":{"line":19,"column":21}},"loc":{"start":{"line":19,"column":21},"end":{"line":19,"column":65}},"line":19},"4":{"name":"(anonymous_4)","decl":{"start":{"line":19,"column":21},"end":{"line":19,"column":26}},"loc":{"start":{"line":19,"column":37},"end":{"line":19,"column":63}},"line":19},"5":{"name":"(anonymous_5)","decl":{"start":{"line":20,"column":4},"end":{"line":20,"column":23}},"loc":{"start":{"line":20,"column":23},"end":{"line":24,"column":null}},"line":20},"6":{"name":"(anonymous_6)","decl":{"start":{"line":20,"column":23},"end":{"line":20,"column":28}},"loc":{"start":{"line":20,"column":38},"end":{"line":24,"column":null}},"line":20}},"branchMap":{"0":{"loc":{"start":{"line":21,"column":25},"end":{"line":21,"column":null}},"type":"cond-expr","locations":[{"start":{"line":21,"column":50},"end":{"line":21,"column":60}},{"start":{"line":21,"column":60},"end":{"line":21,"column":null}}],"line":21}},"s":{"0":1,"1":1,"2":1,"3":1,"4":4,"5":4,"6":2,"7":2,"8":4,"9":4,"10":4,"11":4,"12":4},"f":{"0":1,"1":4,"2":4,"3":2,"4":2,"5":4,"6":4},"b":{"0":[3,1]},"meta":{"lastBranch":1,"lastFunction":7,"lastStatement":13,"seen":{"s:12:6:12:32":0,"s:13:0:13:Infinity":1,"s:15:13:26:3":2,"f:15:27:15:45":0,"s:15:54:26:3":3,"f:18:4:18:21":1,"s:18:21:18:65":4,"f:18:21:18:26":2,"s:18:37:18:63":5,"f:19:4:19:21":3,"s:19:21:19:65":6,"f:19:21:19:26":4,"s:19:37:19:63":7,"f:20:4:20:23":5,"s:20:23:24:Infinity":8,"f:20:23:20:28":6,"s:21:25:21:Infinity":9,"b:21:50:21:60:21:60:21:Infinity":0,"s:22:8:22:Infinity":10,"s:23:8:23:Infinity":11,"s:24:8:24:Infinity":12}}}
,"C:\\dev\\ai-dev\\proj-react\\src\\store\\chartStore.ts": {"path":"C:\\dev\\ai-dev\\proj-react\\src\\store\\chartStore.ts","statementMap":{"0":{"start":{"line":23,"column":13},"end":{"line":99,"column":3}},"1":{"start":{"line":23,"column":58},"end":{"line":99,"column":3}},"2":{"start":{"line":26,"column":23},"end":{"line":26,"column":37}},"3":{"start":{"line":28,"column":26},"end":{"line":30,"column":5}},"4":{"start":{"line":28,"column":42},"end":{"line":29,"column":null}},"5":{"start":{"line":32,"column":24},"end":{"line":34,"column":5}},"6":{"start":{"line":32,"column":40},"end":{"line":33,"column":null}},"7":{"start":{"line":36,"column":34},"end":{"line":38,"column":5}},"8":{"start":{"line":36,"column":50},"end":{"line":37,"column":null}},"9":{"start":{"line":40,"column":17},"end":{"line":54,"column":null}},"10":{"start":{"line":41,"column":11},"end":{"line":41,"column":38}},"11":{"start":{"line":42,"column":31},"end":{"line":46,"column":null}},"12":{"start":{"line":47,"column":4},"end":{"line":53,"column":null}},"13":{"start":{"line":56,"column":31},"end":{"line":62,"column":null}},"14":{"start":{"line":57,"column":18},"end":{"line":57,"column":40}},"15":{"start":{"line":58,"column":4},"end":{"line":58,"column":null}},"16":{"start":{"line":59,"column":4},"end":{"line":61,"column":null}},"17":{"start":{"line":64,"column":25},"end":{"line":70,"column":5}},"18":{"start":{"line":64,"column":41},"end":{"line":69,"column":null}},"19":{"start":{"line":67,"column":48},"end":{"line":67,"column":60}},"20":{"start":{"line":72,"column":26},"end":{"line":78,"column":5}},"21":{"start":{"line":72,"column":42},"end":{"line":77,"column":null}},"22":{"start":{"line":80,"column":34},"end":{"line":82,"column":5}},"23":{"start":{"line":80,"column":50},"end":{"line":81,"column":null}},"24":{"start":{"line":85,"column":18},"end":{"line":85,"column":42}},"25":{"start":{"line":86,"column":4},"end":{"line":86,"column":null}},"26":{"start":{"line":90,"column":10},"end":{"line":90,"column":31}},"27":{"start":{"line":91,"column":4},"end":{"line":93,"column":null}},"28":{"start":{"line":92,"column":6},"end":{"line":92,"column":null}},"29":{"start":{"line":93,"column":6},"end":{"line":93,"column":null}},"30":{"start":{"line":95,"column":4},"end":{"line":95,"column":null}},"31":{"start":{"line":98,"column":20},"end":{"line":98,"column":null}}},"fnMap":{"0":{"name":"(anonymous_0)","decl":{"start":{"line":23,"column":29},"end":{"line":23,"column":49}},"loc":{"start":{"line":23,"column":58},"end":{"line":99,"column":3}},"line":23},"1":{"name":"(anonymous_1)","decl":{"start":{"line":26,"column":2},"end":{"line":26,"column":13}},"loc":{"start":{"line":26,"column":23},"end":{"line":26,"column":37}},"line":26},"2":{"name":"(anonymous_2)","decl":{"start":{"line":28,"column":2},"end":{"line":28,"column":16}},"loc":{"start":{"line":28,"column":26},"end":{"line":30,"column":5}},"line":28},"3":{"name":"(anonymous_3)","decl":{"start":{"line":28,"column":26},"end":{"line":28,"column":31}},"loc":{"start":{"line":28,"column":42},"end":{"line":29,"column":null}},"line":28},"4":{"name":"(anonymous_4)","decl":{"start":{"line":32,"column":2},"end":{"line":32,"column":15}},"loc":{"start":{"line":32,"column":24},"end":{"line":34,"column":5}},"line":32},"5":{"name":"(anonymous_5)","decl":{"start":{"line":32,"column":24},"end":{"line":32,"column":29}},"loc":{"start":{"line":32,"column":40},"end":{"line":33,"column":null}},"line":32},"6":{"name":"(anonymous_6)","decl":{"start":{"line":36,"column":2},"end":{"line":36,"column":20}},"loc":{"start":{"line":36,"column":34},"end":{"line":38,"column":5}},"line":36},"7":{"name":"(anonymous_7)","decl":{"start":{"line":36,"column":34},"end":{"line":36,"column":39}},"loc":{"start":{"line":36,"column":50},"end":{"line":37,"column":null}},"line":36},"8":{"name":"(anonymous_8)","decl":{"start":{"line":40,"column":2},"end":{"line":40,"column":17}},"loc":{"start":{"line":40,"column":17},"end":{"line":54,"column":null}},"line":40},"9":{"name":"(anonymous_9)","decl":{"start":{"line":40,"column":17},"end":{"line":40,"column":22}},"loc":{"start":{"line":40,"column":32},"end":{"line":54,"column":null}},"line":40},"10":{"name":"(anonymous_10)","decl":{"start":{"line":56,"column":2},"end":{"line":56,"column":15}},"loc":{"start":{"line":56,"column":31},"end":{"line":62,"column":null}},"line":56},"11":{"name":"(anonymous_11)","decl":{"start":{"line":56,"column":31},"end":{"line":56,"column":36}},"loc":{"start":{"line":56,"column":46},"end":{"line":62,"column":null}},"line":56},"12":{"name":"(anonymous_12)","decl":{"start":{"line":64,"column":2},"end":{"line":64,"column":15}},"loc":{"start":{"line":64,"column":25},"end":{"line":70,"column":5}},"line":64},"13":{"name":"(anonymous_13)","decl":{"start":{"line":64,"column":25},"end":{"line":64,"column":30}},"loc":{"start":{"line":64,"column":41},"end":{"line":69,"column":null}},"line":64},"14":{"name":"(anonymous_14)","decl":{"start":{"line":67,"column":31},"end":{"line":67,"column":39}},"loc":{"start":{"line":67,"column":48},"end":{"line":67,"column":60}},"line":67},"15":{"name":"(anonymous_15)","decl":{"start":{"line":72,"column":2},"end":{"line":72,"column":16}},"loc":{"start":{"line":72,"column":26},"end":{"line":78,"column":5}},"line":72},"16":{"name":"(anonymous_16)","decl":{"start":{"line":72,"column":26},"end":{"line":72,"column":31}},"loc":{"start":{"line":72,"column":42},"end":{"line":77,"column":null}},"line":72},"17":{"name":"(anonymous_17)","decl":{"start":{"line":80,"column":2},"end":{"line":80,"column":20}},"loc":{"start":{"line":80,"column":34},"end":{"line":82,"column":5}},"line":80},"18":{"name":"(anonymous_18)","decl":{"start":{"line":80,"column":34},"end":{"line":80,"column":39}},"loc":{"start":{"line":80,"column":50},"end":{"line":81,"column":null}},"line":80},"19":{"name":"(anonymous_19)","decl":{"start":{"line":84,"column":2},"end":{"line":84,"column":23}},"loc":{"start":{"line":84,"column":23},"end":{"line":86,"column":null}},"line":84},"20":{"name":"(anonymous_20)","decl":{"start":{"line":89,"column":2},"end":{"line":89,"column":20}},"loc":{"start":{"line":89,"column":27},"end":{"line":95,"column":null}},"line":89},"21":{"name":"(anonymous_21)","decl":{"start":{"line":98,"column":2},"end":{"line":98,"column":20}},"loc":{"start":{"line":98,"column":20},"end":{"line":98,"column":null}},"line":98}},"branchMap":{"0":{"loc":{"start":{"line":91,"column":4},"end":{"line":93,"column":null}},"type":"if","locations":[{"start":{"line":91,"column":4},"end":{"line":93,"column":null}},{"start":{},"end":{}}],"line":91}},"s":{"0":1,"1":1,"2":1,"3":3,"4":3,"5":1,"6":1,"7":1,"8":1,"9":2,"10":2,"11":2,"12":2,"13":1,"14":1,"15":1,"16":1,"17":1,"18":1,"19":3,"20":1,"21":1,"22":1,"23":1,"24":1,"25":1,"26":2,"27":2,"28":1,"29":1,"30":1,"31":17},"f":{"0":1,"1":1,"2":3,"3":3,"4":1,"5":1,"6":1,"7":1,"8":2,"9":2,"10":1,"11":1,"12":1,"13":1,"14":3,"15":1,"16":1,"17":1,"18":1,"19":1,"20":2,"21":17},"b":{"0":[1,1]},"meta":{"lastBranch":1,"lastFunction":22,"lastStatement":32,"seen":{"s:23:13:99:3":0,"f:23:29:23:49":0,"s:23:58:99:3":1,"f:26:2:26:13":1,"s:26:23:26:37":2,"f:28:2:28:16":2,"s:28:26:30:5":3,"f:28:26:28:31":3,"s:28:42:29:Infinity":4,"f:32:2:32:15":4,"s:32:24:34:5":5,"f:32:24:32:29":5,"s:32:40:33:Infinity":6,"f:36:2:36:20":6,"s:36:34:38:5":7,"f:36:34:36:39":7,"s:36:50:37:Infinity":8,"f:40:2:40:17":8,"s:40:17:54:Infinity":9,"f:40:17:40:22":9,"s:41:11:41:38":10,"s:42:31:46:Infinity":11,"s:47:4:53:Infinity":12,"f:56:2:56:15":10,"s:56:31:62:Infinity":13,"f:56:31:56:36":11,"s:57:18:57:40":14,"s:58:4:58:Infinity":15,"s:59:4:61:Infinity":16,"f:64:2:64:15":12,"s:64:25:70:5":17,"f:64:25:64:30":13,"s:64:41:69:Infinity":18,"f:67:31:67:39":14,"s:67:48:67:60":19,"f:72:2:72:16":15,"s:72:26:78:5":20,"f:72:26:72:31":16,"s:72:42:77:Infinity":21,"f:80:2:80:20":17,"s:80:34:82:5":22,"f:80:34:80:39":18,"s:80:50:81:Infinity":23,"f:84:2:84:23":19,"s:85:18:85:42":24,"s:86:4:86:Infinity":25,"f:89:2:89:20":20,"s:90:10:90:31":26,"b:91:4:93:Infinity:undefined:undefined:undefined:undefined":0,"s:91:4:93:Infinity":27,"s:92:6:92:Infinity":28,"s:93:6:93:Infinity":29,"s:95:4:95:Infinity":30,"f:98:2:98:20":21,"s:98:20:98:Infinity":31}}}
}
